<?xml version="1.0" encoding="UTF-8"?>
<!-- Generated by org.testng.reporters.JUnitXMLReporter -->
<testsuite ignored="0" hostname="HP" failures="0" tests="3" name="Default test" time="21.518" errors="0" timestamp="02 Jul 2024 06:02:26 GMT">
  <testcase classname="org.login.LoginUsingExcel" name="loginClick" time="1.075"/>
  <testcase classname="org.login.LoginUsingExcel" name="loginFillDetails" time="7.704"/>
  <testcase classname="org.login.LoginUsingExcel" name="takeSnap" time="1.863"/>
</testsuite> <!-- Default test -->
