<?xml version="1.0" encoding="UTF-8"?>
<testng-results ignored="0" total="3" passed="3" failed="0" skipped="0">
  <reporter-output>
  </reporter-output>
  <suite started-at="2024-07-02T06:02:05Z" name="Default suite" finished-at="2024-07-02T06:02:26Z" duration-ms="21518">
    <groups>
    </groups>
    <test started-at="2024-07-02T06:02:05Z" name="Default test" finished-at="2024-07-02T06:02:26Z" duration-ms="21518">
      <class name="org.login.LoginUsingExcel">
        <test-method is-config="true" signature="befClass()[pri:0, instance:org.login.LoginUsingExcel@a2431d0]" started-at="2024-07-02T06:02:05Z" name="befClass" finished-at="2024-07-02T06:02:16Z" duration-ms="10776" status="PASS">
          <reporter-output>
          </reporter-output>
        </test-method> <!-- befClass -->
        <test-method signature="loginClick()[pri:4, instance:org.login.LoginUsingExcel@a2431d0]" started-at="2024-07-02T06:02:16Z" name="loginClick" finished-at="2024-07-02T06:02:17Z" duration-ms="1075" status="PASS">
          <reporter-output>
          </reporter-output>
        </test-method> <!-- loginClick -->
        <test-method signature="loginFillDetails()[pri:5, instance:org.login.LoginUsingExcel@a2431d0]" started-at="2024-07-02T06:02:17Z" name="loginFillDetails" finished-at="2024-07-02T06:02:24Z" duration-ms="7704" status="PASS">
          <reporter-output>
          </reporter-output>
        </test-method> <!-- loginFillDetails -->
        <test-method signature="takeSnap()[pri:13, instance:org.login.LoginUsingExcel@a2431d0]" started-at="2024-07-02T06:02:24Z" name="takeSnap" finished-at="2024-07-02T06:02:26Z" duration-ms="1863" status="PASS">
          <reporter-output>
          </reporter-output>
        </test-method> <!-- takeSnap -->
      </class> <!-- org.login.LoginUsingExcel -->
    </test> <!-- Default test -->
  </suite> <!-- Default suite -->
</testng-results>
